[11:54:47] [ServerMain/INFO]: Environment: Environment[sessionHost=https://sessionserver.mojang.com, servicesHost=https://api.minecraftservices.com, name=PROD]
[11:54:52] [ServerMain/INFO]: Loaded 1175 recipes
[11:54:52] [ServerMain/INFO]: Loaded 1276 advancements
[11:54:53] [Server thread/INFO]: Starting minecraft server version 1.20.6
[11:54:53] [Server thread/WARN]: ****************************
[11:54:53] [Server thread/WARN]: YOU ARE RUNNING THIS SERVER AS AN ADMINISTRATIVE OR ROOT USER. THIS IS NOT ADVISED.
[11:54:53] [Server thread/WARN]: YOU ARE OPENING YOURSELF UP TO POTENTIAL RISKS WHEN DOING THIS.
[11:54:53] [Server thread/WARN]: FOR MORE INFORMATION, SEE https://madelinemiller.dev/blog/root-minecraft-server/
[11:54:53] [Server thread/WARN]: ****************************
[11:54:53] [Server thread/INFO]: Loading properties
[11:54:53] [Server thread/INFO]: This server is running Paper version 1.20.6-151-ver/1.20.6@a4f0f5c (2024-10-30T19:13:22Z) (Implementing API version 1.20.6-R0.1-SNAPSHOT)
[11:54:55] [Server thread/INFO]: Using 4 threads for Netty based IO
[11:54:55] [Server thread/INFO]: Server Ping Player Sample Count: 12
[11:54:56] [Server thread/WARN]: [!] The timings profiler has been enabled but has been scheduled for removal from Paper in the future.
    We recommend installing the spark profiler as a replacement: https://spark.lucko.me/
    For more information please visit: https://github.com/PaperMC/Paper/issues/8948
[11:54:56] [Server thread/INFO]: [ChunkTaskScheduler] Chunk system is using 1 I/O threads, 1 worker threads, and gen parallelism of 1 threads
[11:54:58] [Server thread/INFO]: Default game type: SURVIVAL
[11:54:58] [Server thread/INFO]: Generating keypair
[11:54:58] [Server thread/INFO]: Starting Minecraft server on *:25565
[11:54:58] [Server thread/INFO]: Using default channel type
[11:54:58] [Server thread/INFO]: Paper: Using Java compression from Velocity.
[11:54:58] [Server thread/INFO]: Paper: Using Java cipher from Velocity.
[11:55:01] [Server thread/INFO]: [ViaVersion] Loading server plugin ViaVersion v5.4.2
[11:55:01] [Server thread/INFO]: [ViaVersion] ViaVersion 5.4.2 is now loaded. Registering protocol transformers and injecting...
[11:55:08] [Server thread/INFO]: [ViaBackwards] Loading translations...
[11:55:08] [Server thread/INFO]: [ViaBackwards] Registering protocols...
[11:55:08] [Via-Mappingloader-0/INFO]: [ViaVersion] Loading block connection mappings ...
[11:55:10] [Via-Mappingloader-0/INFO]: [ViaVersion] Using FastUtil Long2ObjectOpenHashMap for block connections
[11:55:11] [Server thread/INFO]: [floodgate] Loading server plugin floodgate v2.2.4-SNAPSHOT (b118-40d320a)
[11:55:14] [Server thread/INFO]: [floodgate] Took 3,242ms to boot Floodgate
[11:55:14] [Server thread/INFO]: [ViaBackwards] Loading server plugin ViaBackwards v5.4.2
[11:55:14] [Server thread/INFO]: [Slimefun] Loading server plugin Slimefun vDev - 1160
[11:55:14] [Server thread/INFO]: [Geyser-Spigot] Loading server plugin Geyser-Spigot v2.8.3-SNAPSHOT
[11:55:17] [Server thread/INFO]: [Geyser-Spigot] Loading extensions...
[11:55:17] [Server thread/INFO]: [Geyser-Spigot] Loaded 0 extension(s)
[11:55:17] [Server thread/INFO]: Server permissions file permissions.yml is empty, ignoring it
[11:55:17] [Server thread/INFO]: Preparing level "world"
[11:55:18] [Server thread/INFO]: Preparing start region for dimension minecraft:overworld
[11:55:22] [Server thread/INFO]: Time elapsed: 4410 ms
[11:55:22] [Server thread/INFO]: Preparing start region for dimension minecraft:the_nether
[11:55:23] [Server thread/INFO]: Time elapsed: 462 ms
[11:55:23] [Server thread/INFO]: Preparing start region for dimension minecraft:the_end
[11:55:23] [Server thread/INFO]: Time elapsed: 358 ms
[11:55:23] [Server thread/INFO]: [ViaVersion] Enabling ViaVersion v5.4.2
[11:55:23] [Server thread/INFO]: [ViaVersion] ViaVersion detected server version: 1.20.5-1.20.6 (766)
[11:55:24] [Server thread/INFO]: [floodgate] Enabling floodgate v2.2.4-SNAPSHOT (b118-40d320a)
[11:55:25] [Server thread/INFO]: [ViaBackwards] Enabling ViaBackwards v5.4.2
[11:55:25] [Server thread/INFO]: [Slimefun] Enabling Slimefun vDev - 1160
[11:55:25] [Server thread/INFO]: [Slimefun] Paper was detected! Performance optimizations have been applied.
[11:55:25] [Server thread/INFO]: [Slimefun] Creating directories...
[11:55:25] [Server thread/INFO]: [Slimefun] Loading language files...
[11:55:25] [Server thread/INFO]: Environment: Environment[sessionHost=https://sessionserver.mojang.com, servicesHost=https://api.minecraftservices.com, name=PROD]
[11:55:26] [Server thread/INFO]: [Slimefun] Loaded language "en"
[11:55:26] [Server thread/INFO]: [Slimefun] Available languages: en, de, fr, it, es, ru, pl, uk, sv, nl, da, cs, ro, bg, pt, pt-BR, hu, lv, sk, vi, id, zh-CN, zh-TW, ja, ko, he, ar, tr, fa, th, tl
[11:55:26] [Server thread/INFO]: [Slimefun] Using legacy storage for player data
[11:55:26] [Server thread/INFO]: [Slimefun] Enabled Analytics Service
[11:55:26] [Server thread/INFO]: [Slimefun] Starting Auto-Updater...
[11:55:26] [Server thread/INFO]: [Slimefun] Loading GEO-Resources...
[11:55:27] [Server thread/INFO]: [Slimefun] Loading Tags...
[11:55:27] [Server thread/INFO]: [Slimefun] Loading items...
[11:55:29] [Server thread/INFO]: [Slimefun] Loading researches...
[11:55:29] [Server thread/INFO]: [Slimefun] Loading Wiki pages...
[11:55:29] [Server thread/INFO]: [Slimefun] Registering listeners...
[11:55:29] [Server thread/INFO]: [Slimefun] Loading Third-Party plugin integrations...
[11:55:29] [Server thread/INFO]: [Slimefun] Slimefun has finished loading in 4.57s
[11:55:29] [Server thread/INFO]: [Geyser-Spigot] Enabling Geyser-Spigot v2.8.3-SNAPSHOT
[11:55:36] [Server thread/INFO]: [Geyser-Spigot] ******************************************
[11:55:36] [Server thread/INFO]: [Geyser-Spigot] 
[11:55:36] [Server thread/INFO]: [Geyser-Spigot] Loading Geyser version 2.8.3-b904 (git-master-ea967a0)
[11:55:36] [Server thread/INFO]: [Geyser-Spigot] 
[11:55:36] [Server thread/INFO]: [Geyser-Spigot] ******************************************
[11:55:46] [GeyserServer-3-1/INFO]: [Geyser-Spigot] Started Geyser on UDP port 19132
[11:55:46] [Server thread/INFO]: [Geyser-Spigot] Done (9.767s)! Run /geyser help for help!
[11:55:47] [Server thread/INFO]: Running delayed init tasks
[11:55:47] [Server thread/INFO]: [Slimefun] Now running MetricsModule build #29
[11:55:47] [Server thread/INFO]: [Slimefun] with a total of 19/19 chart(s)!
[11:55:47] [Server thread/INFO]: [Slimefun] Metrics build #29 started.
[11:55:47] [Server thread/INFO]: [Slimefun] Collecting Snapshots of all Recipes...
[11:55:48] [Server thread/INFO]: [Slimefun] Found 1,175 Recipes!
[11:55:48] [Server thread/INFO]: 
[11:55:48] [Server thread/INFO]: ######################### - Slimefun vDev - 1160 - #########################
[11:55:48] [Server thread/INFO]: 
[11:55:48] [Server thread/INFO]: Successfully loaded 555 Items and 258 Researches
[11:55:48] [Server thread/INFO]: ( 555 Items from Slimefun, 0 Items from 0 Addons )
[11:55:48] [Server thread/INFO]: 
[11:55:48] [Server thread/INFO]: Slimefun is an Open-Source project that is kept alive by a large community.
[11:55:48] [Server thread/INFO]: Consider helping us maintain this project by contributing on GitHub!
[11:55:48] [Server thread/INFO]: 
[11:55:48] [Server thread/INFO]:  - Source Code:  https://github.com/Slimefun/Slimefun4
[11:55:48] [Server thread/INFO]:  - Wiki:         https://github.com/Slimefun/Slimefun4/wiki
[11:55:48] [Server thread/INFO]:  - Addons:       https://github.com/Slimefun/Slimefun4/wiki/Addons
[11:55:48] [Server thread/INFO]:  - Bug Reports:  https://github.com/Slimefun/Slimefun4/issues
[11:55:48] [Server thread/INFO]:  - Discord:      https://discord.gg/slimefun
[11:55:48] [Server thread/INFO]: 
[11:55:48] [Server thread/INFO]: [Slimefun] Loading Blocks for World "world"
[11:55:48] [Server thread/INFO]: [Slimefun] This may take a long time...
[11:55:48] [Server thread/INFO]: [Slimefun] Loading Blocks for World "world_nether"
[11:55:48] [Server thread/INFO]: [Slimefun] This may take a long time...
[11:55:48] [Server thread/INFO]: [Slimefun] Loading Blocks for World "world_the_end"
[11:55:48] [Server thread/INFO]: [Slimefun] This may take a long time...
[11:55:48] [Server thread/INFO]: [dough: protection] Loading Protection Modules...
[11:55:48] [Server thread/INFO]: [dough: protection] This may happen more than once.
[11:55:48] [Server thread/INFO]: Done (54.852s)! For help, type "help"
[11:55:48] [Server thread/INFO]: Timings Reset
[11:55:48] [Craft Scheduler Thread - 5 - ViaVersion/INFO]: [ViaVersion] Finished mapping loading, shutting down loader executor.
[11:55:49] [Craft Scheduler Thread - 6 - Slimefun/INFO]: [Slimefun] Slimefun is already up to date!
[12:00:38] [GeyserServerChild-4-1/INFO]: [Geyser-Spigot] Bedrock user with ip: /100.106.151.32 has disconnected for reason Bedrock client timed out
[12:01:50] [GeyserServerChild-4-2/INFO]: [Geyser-Spigot] Player connected with username VillagerindoDPA
[12:01:50] [localSession-7-2/INFO]: [Geyser-Spigot] VillagerindoDPA (logged in as: VillagerindoDPA) has connected to the Java server
[12:01:51] [WebSocketConnectReadThread-182/INFO]: [floodgate] Got disconnected from the skin uploader: failed to find the given code in combination with the verify code
[12:01:52] [Server thread/INFO]: [floodgate] Floodgate player logged in as .VillagerindoDPA joined (UUID: 00000000-0000-0000-0009-01fab8fd2a8c)
[12:01:52] [Server thread/INFO]: .VillagerindoDPA joined the game
[12:01:52] [Server thread/INFO]: .VillagerindoDPA[/100.106.151.32:0] logged in with entity id 78 at ([world]33.47259, 98.0, -53.91834)
[12:14:57] [Server thread/INFO]: .VillagerindoDPA issued server command: /tp
[12:21:48] [Geyser player thread-5-1/WARN]: [Geyser-Spigot] VillagerindoDPA exceeded 7 attempts to open a virtual inventory!
[12:21:55] [Server thread/INFO]: .VillagerindoDPA issued server command: /bukkit
[12:33:13] [GeyserServerChild-4-2/INFO]: [Geyser-Spigot] VillagerindoDPA has disconnected from the Java server because of Bedrock client timed out
[12:33:13] [Geyser Spigot connection thread-6-3/INFO]: [floodgate] Floodgate player logged in as .VillagerindoDPA disconnected
[12:33:13] [Server thread/INFO]: .VillagerindoDPA lost connection: Disconnected
[12:33:13] [Server thread/INFO]: .VillagerindoDPA left the game
[12:56:56] [Server thread/INFO]: Stopping server
[12:56:56] [Server thread/INFO]: [Geyser-Spigot] Disabling Geyser-Spigot v2.8.3-SNAPSHOT
[12:56:56] [Server thread/INFO]: [Geyser-Spigot] Shutting down Geyser.
[12:56:57] [Server thread/INFO]: [Geyser-Spigot] Geyser shutdown successfully.
[12:56:57] [WebSocketConnectReadThread-195/INFO]: [Geyser-Spigot] The skin uploader has been closed
[12:56:57] [Server thread/INFO]: [Slimefun] Disabling Slimefun vDev - 1160
[12:56:57] [Server thread/INFO]: [Slimefun] Backed up Slimefun data to: 2025-08-16-12-56.zip
[12:56:57] [Server thread/INFO]: [ViaBackwards] Disabling ViaBackwards v5.4.2
[12:56:57] [Server thread/INFO]: [floodgate] Disabling floodgate v2.2.4-SNAPSHOT (b118-40d320a)
[12:56:57] [Server thread/INFO]: [ViaVersion] Disabling ViaVersion v5.4.2
[12:56:57] [Server thread/INFO]: [ViaVersion] ViaVersion has been disabled; uninjected the platform and shut down the scheduler.
[12:56:57] [Server thread/INFO]: Saving players
[12:56:57] [Server thread/INFO]: Saving worlds
[12:56:57] [Server thread/INFO]: Saving chunks for level 'ServerLevel[world]'/minecraft:overworld
[12:56:58] [Server thread/INFO]: [ChunkHolderManager] Waiting 60s for chunk system to halt for world 'world'
[12:56:58] [Server thread/INFO]: [ChunkHolderManager] Halted chunk system for world 'world'
[12:56:58] [Server thread/INFO]: [ChunkHolderManager] Saving all chunkholders for world 'world'
[12:56:58] [Server thread/INFO]: [ChunkHolderManager] Saved 157 block chunks, 86 entity chunks, 0 poi chunks in world 'world' in 0.35s
[12:56:58] [Server thread/INFO]: ThreadedAnvilChunkStorage (world): All chunks are saved
[12:56:58] [Server thread/INFO]: Saving chunks for level 'ServerLevel[world_nether]'/minecraft:the_nether
[12:56:58] [Server thread/INFO]: [ChunkHolderManager] Waiting 60s for chunk system to halt for world 'world_nether'
[12:56:58] [Server thread/INFO]: [ChunkHolderManager] Halted chunk system for world 'world_nether'
[12:56:58] [Server thread/INFO]: [ChunkHolderManager] Saving all chunkholders for world 'world_nether'
[12:56:58] [Server thread/INFO]: [ChunkHolderManager] Saved 0 block chunks, 2 entity chunks, 0 poi chunks in world 'world_nether' in 0.01s
[12:56:58] [Server thread/INFO]: ThreadedAnvilChunkStorage (DIM-1): All chunks are saved
[12:56:58] [Server thread/INFO]: Saving chunks for level 'ServerLevel[world_the_end]'/minecraft:the_end
[12:56:58] [Server thread/INFO]: [ChunkHolderManager] Waiting 60s for chunk system to halt for world 'world_the_end'
[12:56:58] [Server thread/INFO]: [ChunkHolderManager] Halted chunk system for world 'world_the_end'
[12:56:58] [Server thread/INFO]: [ChunkHolderManager] Saving all chunkholders for world 'world_the_end'
[12:56:58] [Server thread/INFO]: [ChunkHolderManager] Saved 0 block chunks, 10 entity chunks, 0 poi chunks in world 'world_the_end' in 0.02s
[12:56:58] [Server thread/INFO]: ThreadedAnvilChunkStorage (DIM1): All chunks are saved
[12:56:58] [Server thread/INFO]: ThreadedAnvilChunkStorage: All dimensions are saved
[12:56:58] [Server thread/INFO]: Flushing Chunk IO
[12:56:58] [Server thread/INFO]: Closing Thread Pool
[12:56:58] [Server thread/INFO]: Closing Server
